{"C:\\Users\\arthu\\OneDrive\\Área de Trabalho\\ws_pessoal\\DH\\CTD\\Sexto Bimestre\\FrontEnd_III\\aula17\\exemploAula\\src\\App.jsx": {"path":"C:\\Users\\arthu\\OneDrive\\Área de Trabalho\\ws_pessoal\\DH\\CTD\\Sexto Bimestre\\FrontEnd_III\\aula17\\exemploAula\\src\\App.jsx","statementMap":{"0":{"start":{"line":5,"column":2},"end":{"line":9,"column":3}}},"fnMap":{"0":{"name":"App","decl":{"start":{"line":3,"column":9},"end":{"line":3,"column":12}},"loc":{"start":{"line":3,"column":15},"end":{"line":10,"column":1}},"line":3}},"branchMap":{},"s":{"0":0},"f":{"0":0},"b":{},"_coverageSchema":"1a1c01bbd47fc00a2c39e90264f33305004495a9","hash":"d17c2bc681c080ce204043d72f4b42f2d3155835"}
}
